0 info it worked if it ends with ok
1 verbose cli [ 'node', '/usr/local/bin/npm', 'publish' ]
2 info using npm@2.12.1
3 info using node@v0.12.7
4 verbose node symlink /usr/local/bin/node
5 verbose publish [ '.' ]
6 silly cache add args [ '.', null ]
7 verbose cache add spec .
8 silly cache add parsed spec { raw: '.',
8 silly cache add   scope: null,
8 silly cache add   name: null,
8 silly cache add   rawSpec: '.',
8 silly cache add   spec: '/Users/GT/work/tuber/tuber-client',
8 silly cache add   type: 'directory' }
9 verbose addLocalDirectory /Users/GT/.npm/tuber-client/0.0.1/package.tgz not in flight; packing
10 verbose tar pack [ '/Users/GT/.npm/tuber-client/0.0.1/package.tgz',
10 verbose tar pack   '/Users/GT/work/tuber/tuber-client' ]
11 verbose tarball /Users/GT/.npm/tuber-client/0.0.1/package.tgz
12 verbose folder /Users/GT/work/tuber/tuber-client
13 info prepublish tuber-client@0.0.1
14 verbose addLocalTarball adding from inside cache /Users/GT/.npm/tuber-client/0.0.1/package.tgz
15 silly cache afterAdd tuber-client@0.0.1
16 verbose afterAdd /Users/GT/.npm/tuber-client/0.0.1/package/package.json not in flight; writing
17 verbose afterAdd /Users/GT/.npm/tuber-client/0.0.1/package/package.json written
18 silly publish { name: 'tuber-client',
18 silly publish   version: '0.0.1',
18 silly publish   description: '',
18 silly publish   homepage: 'https://github.com/gtdev87/tuber-client#readme',
18 silly publish   repository:
18 silly publish    { type: 'git',
18 silly publish      url: 'git+https://github.com/gtdev87/tuber-client.git' },
18 silly publish   author: { name: 'Gregory Thompson', email: 'gregt87@gmail.com' },
18 silly publish   files: [ 'dist' ],
18 silly publish   main: 'index.js',
18 silly publish   keywords: [],
18 silly publish   devDependencies: { jasmine: '^2.3.1' },
18 silly publish   scripts: { test: 'node ./node_modules/jasmine/bin/jasmine.js' },
18 silly publish   license: 'MIT',
18 silly publish   dependencies:
18 silly publish    { lodash: '^3.10.1',
18 silly publish      'macaroons.js': '^0.3.5',
18 silly publish      'node-rsa': '^0.2.25',
18 silly publish      request: '^2.65.0' },
18 silly publish   gitHead: '22fbc6d2f9a1e1183d2aa3604224c21256c043dc',
18 silly publish   bugs: { url: 'https://github.com/gtdev87/tuber-client/issues' },
18 silly publish   readme: 'ERROR: No README data found!',
18 silly publish   _id: 'tuber-client@0.0.1',
18 silly publish   _shasum: 'fa2853078216056b8b45fda8c39aa78e3880eef7',
18 silly publish   _from: '.' }
19 verbose getPublishConfig undefined
20 silly mapToRegistry name tuber-client
21 silly mapToRegistry using default registry
22 silly mapToRegistry registry https://registry.npmjs.org/
23 silly mapToRegistry uri https://registry.npmjs.org/tuber-client
24 verbose publish registryBase https://registry.npmjs.org/
25 silly publish uploading /Users/GT/.npm/tuber-client/0.0.1/package.tgz
26 verbose request uri https://registry.npmjs.org/tuber-client
27 verbose request sending authorization for write operation
28 info attempt registry request try #1 at 01:42:19
29 verbose request using bearer token for auth
30 verbose request id 1d3eb82bfe0c9fe4
31 http request PUT https://registry.npmjs.org/tuber-client
32 http 403 https://registry.npmjs.org/tuber-client
33 verbose headers { 'content-type': 'application/json',
33 verbose headers   'cache-control': 'max-age=60',
33 verbose headers   'content-length': '95',
33 verbose headers   'accept-ranges': 'bytes',
33 verbose headers   date: 'Sun, 18 Oct 2015 05:42:21 GMT',
33 verbose headers   via: '1.1 varnish',
33 verbose headers   connection: 'keep-alive',
33 verbose headers   'x-served-by': 'cache-atl6230-ATL',
33 verbose headers   'x-cache': 'MISS',
33 verbose headers   'x-cache-hits': '0',
33 verbose headers   'x-timer': 'S1445146940.308283,VS0,VE1041' }
34 verbose request invalidating /Users/GT/.npm/registry.npmjs.org/tuber-client on PUT
35 error publish Failed PUT 403
36 verbose stack Error: "You cannot publish over the previously published version 0.0.1." : tuber-client
36 verbose stack     at CachingRegistryClient.<anonymous> (/usr/local/lib/node_modules/npm/node_modules/npm-registry-client/lib/request.js:247:14)
36 verbose stack     at Request._callback (/usr/local/lib/node_modules/npm/node_modules/npm-registry-client/lib/request.js:170:14)
36 verbose stack     at Request.self.callback (/usr/local/lib/node_modules/npm/node_modules/request/request.js:197:22)
36 verbose stack     at Request.emit (events.js:110:17)
36 verbose stack     at Request.<anonymous> (/usr/local/lib/node_modules/npm/node_modules/request/request.js:1050:14)
36 verbose stack     at Request.emit (events.js:129:20)
36 verbose stack     at IncomingMessage.<anonymous> (/usr/local/lib/node_modules/npm/node_modules/request/request.js:996:12)
36 verbose stack     at IncomingMessage.emit (events.js:129:20)
36 verbose stack     at _stream_readable.js:908:16
36 verbose stack     at process._tickCallback (node.js:355:11)
37 verbose statusCode 403
38 verbose pkgid tuber-client
39 verbose cwd /Users/GT/work/tuber/tuber-client
40 error Darwin 14.5.0
41 error argv "node" "/usr/local/bin/npm" "publish"
42 error node v0.12.7
43 error npm  v2.12.1
44 error code E403
45 error "You cannot publish over the previously published version 0.0.1." : tuber-client
46 error If you need help, you may report this error at:
46 error     <https://github.com/npm/npm/issues>
47 verbose exit [ 1, true ]
